
*** Running vivado
    with args -log CountSevenSeg.vds -m64 -product Vivado -mode batch -messageDb vivado.pb -notrace -source CountSevenSeg.tcl



****** Vivado v2022.2 (64-bit)
  **** SW Build 3671981 on Fri Oct 14 05:00:03 MDT 2022
  **** IP Build 3669848 on Fri Oct 14 08:30:02 MDT 2022
    ** Copyright 1986-2022 Xilinx, Inc. All Rights Reserved.

source CountSevenSeg.tcl -notrace
create_project: Time (s): cpu = 00:00:02 ; elapsed = 00:00:06 . Memory (MB): peak = 409.102 ; gain = 87.852
Command: read_checkpoint -auto_incremental -incremental {C:/Users/Darryl Theodorus C/Documents/GitHub/chisel-lab/lab5/CountSevenSeg/CountSevenSeg.srcs/utils_1/imports/synth_1/CountSevenSeg.dcp}
INFO: [Vivado 12-5825] Read reference checkpoint from C:/Users/Darryl Theodorus C/Documents/GitHub/chisel-lab/lab5/CountSevenSeg/CountSevenSeg.srcs/utils_1/imports/synth_1/CountSevenSeg.dcp for incremental synthesis
INFO: [Vivado 12-7989] Please ensure there are no constraint changes
Command: synth_design -top CountSevenSeg -part xc7a35tcpg236-1
Starting synth_design
Attempting to get a license for feature 'Synthesis' and/or device 'xc7a35t'
INFO: [Common 17-349] Got license for feature 'Synthesis' and/or device 'xc7a35t'
INFO: [Device 21-403] Loading part xc7a35tcpg236-1
INFO: [Designutils 20-5440] No compile time benefit to using incremental synthesis; A full resynthesis will be run
INFO: [Designutils 20-4379] Flow is switching to default flow due to incremental criteria not met. If you would like to alter this behaviour and have the flow terminate instead, please set the following parameter config_implementation {autoIncr.Synth.RejectBehavior Terminate}
INFO: [Synth 8-7079] Multithreading enabled for synth_design using a maximum of 2 processes.
INFO: [Synth 8-7078] Launching helper process for spawning children vivado processes
INFO: [Synth 8-7075] Helper process launched with PID 16336
INFO: [Synth 8-11241] undeclared symbol 'REGCCE', assumed default net type 'wire' [C:/Xilinx/Vivado/2022.2/data/verilog/src/unimacro/BRAM_SINGLE_MACRO.v:2170]
---------------------------------------------------------------------------------
Starting RTL Elaboration : Time (s): cpu = 00:00:02 ; elapsed = 00:00:06 . Memory (MB): peak = 1217.875 ; gain = 407.941
---------------------------------------------------------------------------------
INFO: [Synth 8-6157] synthesizing module 'CountSevenSeg' [C:/Users/Darryl Theodorus C/Documents/GitHub/chisel-lab/lab5/CountSevenSeg.v:23]
INFO: [Synth 8-6157] synthesizing module 'SevenSegDecoder' [C:/Users/Darryl Theodorus C/Documents/GitHub/chisel-lab/lab5/CountSevenSeg.v:1]
INFO: [Synth 8-6155] done synthesizing module 'SevenSegDecoder' (0#1) [C:/Users/Darryl Theodorus C/Documents/GitHub/chisel-lab/lab5/CountSevenSeg.v:1]
INFO: [Synth 8-6155] done synthesizing module 'CountSevenSeg' (0#1) [C:/Users/Darryl Theodorus C/Documents/GitHub/chisel-lab/lab5/CountSevenSeg.v:23]
WARNING: [Synth 8-3917] design CountSevenSeg has port io_an[3] driven by constant 1
WARNING: [Synth 8-3917] design CountSevenSeg has port io_an[2] driven by constant 1
WARNING: [Synth 8-3917] design CountSevenSeg has port io_an[1] driven by constant 1
WARNING: [Synth 8-3917] design CountSevenSeg has port io_an[0] driven by constant 0
---------------------------------------------------------------------------------
Finished RTL Elaboration : Time (s): cpu = 00:00:03 ; elapsed = 00:00:07 . Memory (MB): peak = 1307.781 ; gain = 497.848
---------------------------------------------------------------------------------
---------------------------------------------------------------------------------
Start Handling Custom Attributes
---------------------------------------------------------------------------------
---------------------------------------------------------------------------------
Finished Handling Custom Attributes : Time (s): cpu = 00:00:03 ; elapsed = 00:00:07 . Memory (MB): peak = 1307.781 ; gain = 497.848
---------------------------------------------------------------------------------
---------------------------------------------------------------------------------
Finished RTL Optimization Phase 1 : Time (s): cpu = 00:00:03 ; elapsed = 00:00:07 . Memory (MB): peak = 1307.781 ; gain = 497.848
---------------------------------------------------------------------------------
Netlist sorting complete. Time (s): cpu = 00:00:00 ; elapsed = 00:00:00.001 . Memory (MB): peak = 1307.781 ; gain = 0.000
INFO: [Project 1-570] Preparing netlist for logic optimization

Processing XDC Constraints
Initializing timing engine
Parsing XDC File [C:/Users/Darryl Theodorus C/Documents/GitHub/chisel-lab/lab5/sevenseg-cnt.xdc]
Finished Parsing XDC File [C:/Users/Darryl Theodorus C/Documents/GitHub/chisel-lab/lab5/sevenseg-cnt.xdc]
INFO: [Project 1-236] Implementation specific constraints were found while reading constraint file [C:/Users/Darryl Theodorus C/Documents/GitHub/chisel-lab/lab5/sevenseg-cnt.xdc]. These constraints will be ignored for synthesis but will be used in implementation. Impacted constraints are listed in the file [.Xil/CountSevenSeg_propImpl.xdc].
Resolution: To avoid this warning, move constraints listed in [.Xil/CountSevenSeg_propImpl.xdc] to another XDC file and exclude this new file from synthesis with the used_in_synthesis property (File Properties dialog in GUI) and re-run elaboration/synthesis.
Completed Processing XDC Constraints

Netlist sorting complete. Time (s): cpu = 00:00:00 ; elapsed = 00:00:00 . Memory (MB): peak = 1398.492 ; gain = 0.000
INFO: [Project 1-111] Unisim Transformation Summary:
No Unisim elements were transformed.

Constraint Validation Runtime : Time (s): cpu = 00:00:00 ; elapsed = 00:00:00.002 . Memory (MB): peak = 1398.492 ; gain = 0.000
INFO: [Designutils 20-5440] No compile time benefit to using incremental synthesis; A full resynthesis will be run
INFO: [Designutils 20-4379] Flow is switching to default flow due to incremental criteria not met. If you would like to alter this behaviour and have the flow terminate instead, please set the following parameter config_implementation {autoIncr.Synth.RejectBehavior Terminate}
INFO: [Synth 8-11241] undeclared symbol 'REGCCE', assumed default net type 'wire' [C:/Xilinx/Vivado/2022.2/data/verilog/src/unimacro/BRAM_SINGLE_MACRO.v:2170]
---------------------------------------------------------------------------------
Finished Constraint Validation : Time (s): cpu = 00:00:05 ; elapsed = 00:00:15 . Memory (MB): peak = 1398.492 ; gain = 588.559
---------------------------------------------------------------------------------
---------------------------------------------------------------------------------
Start Loading Part and Timing Information
---------------------------------------------------------------------------------
Loading part: xc7a35tcpg236-1
---------------------------------------------------------------------------------
Finished Loading Part and Timing Information : Time (s): cpu = 00:00:05 ; elapsed = 00:00:15 . Memory (MB): peak = 1398.492 ; gain = 588.559
---------------------------------------------------------------------------------
---------------------------------------------------------------------------------
Start Applying 'set_property' XDC Constraints
---------------------------------------------------------------------------------
---------------------------------------------------------------------------------
Finished applying 'set_property' XDC Constraints : Time (s): cpu = 00:00:05 ; elapsed = 00:00:15 . Memory (MB): peak = 1398.492 ; gain = 588.559
---------------------------------------------------------------------------------
---------------------------------------------------------------------------------
Finished RTL Optimization Phase 2 : Time (s): cpu = 00:00:05 ; elapsed = 00:00:15 . Memory (MB): peak = 1398.492 ; gain = 588.559
---------------------------------------------------------------------------------
---------------------------------------------------------------------------------
Start RTL Component Statistics 
---------------------------------------------------------------------------------
Detailed RTL Component Info : 
+---Adders : 
	   2 Input    4 Bit       Adders := 1     
+---Registers : 
	                4 Bit    Registers := 1     
---------------------------------------------------------------------------------
Finished RTL Component Statistics 
---------------------------------------------------------------------------------
---------------------------------------------------------------------------------
Start Part Resource Summary
---------------------------------------------------------------------------------
Part Resources:
DSPs: 90 (col length:60)
BRAMs: 100 (col length: RAMB18 60 RAMB36 30)
---------------------------------------------------------------------------------
Finished Part Resource Summary
---------------------------------------------------------------------------------
---------------------------------------------------------------------------------
Start Cross Boundary and Area Optimization
---------------------------------------------------------------------------------
WARNING: [Synth 8-7080] Parallel synthesis criteria is not met
WARNING: [Synth 8-3917] design CountSevenSeg has port io_an[3] driven by constant 1
WARNING: [Synth 8-3917] design CountSevenSeg has port io_an[2] driven by constant 1
WARNING: [Synth 8-3917] design CountSevenSeg has port io_an[1] driven by constant 1
WARNING: [Synth 8-3917] design CountSevenSeg has port io_an[0] driven by constant 0
---------------------------------------------------------------------------------
Finished Cross Boundary and Area Optimization : Time (s): cpu = 00:00:06 ; elapsed = 00:00:18 . Memory (MB): peak = 1398.492 ; gain = 588.559
---------------------------------------------------------------------------------
---------------------------------------------------------------------------------
Start Applying XDC Timing Constraints
---------------------------------------------------------------------------------
---------------------------------------------------------------------------------
Finished Applying XDC Timing Constraints : Time (s): cpu = 00:00:08 ; elapsed = 00:00:23 . Memory (MB): peak = 1398.492 ; gain = 588.559
---------------------------------------------------------------------------------
---------------------------------------------------------------------------------
Start Timing Optimization
---------------------------------------------------------------------------------
---------------------------------------------------------------------------------
Finished Timing Optimization : Time (s): cpu = 00:00:08 ; elapsed = 00:00:23 . Memory (MB): peak = 1398.492 ; gain = 588.559
---------------------------------------------------------------------------------
---------------------------------------------------------------------------------
Start Technology Mapping
---------------------------------------------------------------------------------
---------------------------------------------------------------------------------
Finished Technology Mapping : Time (s): cpu = 00:00:08 ; elapsed = 00:00:23 . Memory (MB): peak = 1398.492 ; gain = 588.559
---------------------------------------------------------------------------------
---------------------------------------------------------------------------------
Start IO Insertion
---------------------------------------------------------------------------------
---------------------------------------------------------------------------------
Start Flattening Before IO Insertion
---------------------------------------------------------------------------------
---------------------------------------------------------------------------------
Finished Flattening Before IO Insertion
---------------------------------------------------------------------------------
---------------------------------------------------------------------------------
Start Final Netlist Cleanup
---------------------------------------------------------------------------------
---------------------------------------------------------------------------------
Finished Final Netlist Cleanup
---------------------------------------------------------------------------------
---------------------------------------------------------------------------------
Finished IO Insertion : Time (s): cpu = 00:00:10 ; elapsed = 00:00:28 . Memory (MB): peak = 1398.492 ; gain = 588.559
---------------------------------------------------------------------------------
---------------------------------------------------------------------------------
Start Renaming Generated Instances
---------------------------------------------------------------------------------
---------------------------------------------------------------------------------
Finished Renaming Generated Instances : Time (s): cpu = 00:00:10 ; elapsed = 00:00:28 . Memory (MB): peak = 1398.492 ; gain = 588.559
---------------------------------------------------------------------------------
---------------------------------------------------------------------------------
Start Rebuilding User Hierarchy
---------------------------------------------------------------------------------
---------------------------------------------------------------------------------
Finished Rebuilding User Hierarchy : Time (s): cpu = 00:00:10 ; elapsed = 00:00:28 . Memory (MB): peak = 1398.492 ; gain = 588.559
---------------------------------------------------------------------------------
---------------------------------------------------------------------------------
Start Renaming Generated Ports
---------------------------------------------------------------------------------
---------------------------------------------------------------------------------
Finished Renaming Generated Ports : Time (s): cpu = 00:00:10 ; elapsed = 00:00:28 . Memory (MB): peak = 1398.492 ; gain = 588.559
---------------------------------------------------------------------------------
---------------------------------------------------------------------------------
Start Handling Custom Attributes
---------------------------------------------------------------------------------
---------------------------------------------------------------------------------
Finished Handling Custom Attributes : Time (s): cpu = 00:00:10 ; elapsed = 00:00:28 . Memory (MB): peak = 1398.492 ; gain = 588.559
---------------------------------------------------------------------------------
---------------------------------------------------------------------------------
Start Renaming Generated Nets
---------------------------------------------------------------------------------
---------------------------------------------------------------------------------
Finished Renaming Generated Nets : Time (s): cpu = 00:00:10 ; elapsed = 00:00:28 . Memory (MB): peak = 1398.492 ; gain = 588.559
---------------------------------------------------------------------------------
---------------------------------------------------------------------------------
Start Writing Synthesis Report
---------------------------------------------------------------------------------

Report BlackBoxes: 
+-+--------------+----------+
| |BlackBox name |Instances |
+-+--------------+----------+
+-+--------------+----------+

Report Cell Usage: 
+------+-------+------+
|      |Cell   |Count |
+------+-------+------+
|1     |BUFG   |     1|
|2     |CARRY4 |     7|
|3     |LUT1   |     2|
|4     |LUT2   |     2|
|5     |LUT3   |     1|
|6     |LUT4   |     8|
|7     |LUT6   |     6|
|8     |FDRE   |    30|
|9     |IBUF   |     2|
|10    |OBUF   |    11|
+------+-------+------+
---------------------------------------------------------------------------------
Finished Writing Synthesis Report : Time (s): cpu = 00:00:10 ; elapsed = 00:00:28 . Memory (MB): peak = 1398.492 ; gain = 588.559
---------------------------------------------------------------------------------
Synthesis finished with 0 errors, 0 critical warnings and 5 warnings.
Synthesis Optimization Runtime : Time (s): cpu = 00:00:06 ; elapsed = 00:00:26 . Memory (MB): peak = 1398.492 ; gain = 497.848
Synthesis Optimization Complete : Time (s): cpu = 00:00:10 ; elapsed = 00:00:28 . Memory (MB): peak = 1398.492 ; gain = 588.559
INFO: [Project 1-571] Translating synthesized netlist
Netlist sorting complete. Time (s): cpu = 00:00:00 ; elapsed = 00:00:00.001 . Memory (MB): peak = 1398.492 ; gain = 0.000
INFO: [Netlist 29-17] Analyzing 7 Unisim elements for replacement
INFO: [Netlist 29-28] Unisim Transformation completed in 0 CPU seconds
INFO: [Project 1-570] Preparing netlist for logic optimization
INFO: [Opt 31-138] Pushed 0 inverter(s) to 0 load pin(s).
Netlist sorting complete. Time (s): cpu = 00:00:00 ; elapsed = 00:00:00 . Memory (MB): peak = 1398.492 ; gain = 0.000
INFO: [Project 1-111] Unisim Transformation Summary:
No Unisim elements were transformed.

Synth Design complete, checksum: 1ea35c52
INFO: [Common 17-83] Releasing license: Synthesis
27 Infos, 9 Warnings, 0 Critical Warnings and 0 Errors encountered.
synth_design completed successfully
synth_design: Time (s): cpu = 00:00:11 ; elapsed = 00:00:33 . Memory (MB): peak = 1398.492 ; gain = 964.520
INFO: [Common 17-1381] The checkpoint 'C:/Users/Darryl Theodorus C/Documents/GitHub/chisel-lab/lab5/CountSevenSeg/CountSevenSeg.runs/synth_1/CountSevenSeg.dcp' has been generated.
INFO: [runtcl-4] Executing : report_utilization -file CountSevenSeg_utilization_synth.rpt -pb CountSevenSeg_utilization_synth.pb
INFO: [Common 17-206] Exiting Vivado at Thu Mar  9 17:01:55 2023...
