[debug] > Exec(early(addDefaultCommands), None, None)
[debug] > Exec(addDefaultCommands, None, None)
[debug] > Exec(early(initialize), None, None)
[debug] > Exec(initialize, None, None)
[debug] > Exec(early(addPluginSbtFile="""C:\Users\Darryl Theodorus C\AppData\Local\Temp\idea.sbt"""), None, None)
[debug] > Exec(addPluginSbtFile="""C:\Users\Darryl Theodorus C\AppData\Local\Temp\idea.sbt""", None, None)
[debug] > Exec(boot, None, None)
[debug] > Exec(writeSbtVersion, None, None)
[debug] > Exec(reload, None, None)
[debug] > Exec(sbtStashOnFailure, None, None)
[debug] > Exec(onFailure loadFailed, None, None)
[debug] > Exec(loadp, None, None)
[info] welcome to sbt 1.8.0 (Oracle Corporation Java 19.0.2)
[debug]       Load.loadUnit: plugins took 123.7107ms
[debug]       Load.loadUnit: defsScala took 0.4677ms
[debug] [Loading] Scanning directory C:\Users\Darryl Theodorus C\.sbt\1.0\plugins
[debug] [Loading] Found non-root projects 
[debug] [Loading] Done in C:\Users\Darryl Theodorus C\.sbt\1.0\plugins, returning: ()
[debug] deducing auto plugins based on known facts Set(Atom(sbt.plugins.CorePlugin)) and clauses Clauses(Clause(Atom(sbt.plugins.JvmPlugin),Set(Atom(sbt.plugins.IvyPlugin)))
[debug] Clause(Atom(sbt.ScriptedPlugin),Set(Atom(sbt.plugins.JvmPlugin)))
[debug] Clause(Atom(sbt.plugins.SbtPlugin),Set(Atom(sbt.ScriptedPlugin)))
[debug] Clause(Atom(sbt.plugins.SemanticdbPlugin),Set(Atom(sbt.plugins.JvmPlugin)))
[debug] Clause(Atom(sbt.plugins.JUnitXmlReportPlugin),Set(Atom(sbt.plugins.JvmPlugin)))
[debug] Clause(Atom(sbt.plugins.MiniDependencyTreePlugin),Set(Atom(sbt.plugins.JvmPlugin)))
[debug] Clause(Atom(sbt.plugins.CorePlugin),Set(Atom(sbt.plugins.IvyPlugin)))
[debug] Clause(Atom(sbt.plugins.IvyPlugin),Set(Atom(sbt.plugins.JvmPlugin)))
[debug] Clause(Atom(sbt.plugins.JvmPlugin),Set(Atom(sbt.plugins.SemanticdbPlugin)))
[debug] Clause(Atom(sbt.plugins.JvmPlugin),Set(Atom(sbt.plugins.JUnitXmlReportPlugin)))
[debug] Clause(Atom(sbt.plugins.CorePlugin),Set(Atom(sbt.plugins.Giter8TemplatePlugin)))
[debug] Clause(Atom(sbt.plugins.JvmPlugin),Set(Atom(sbt.plugins.MiniDependencyTreePlugin))))
[debug]   :: deduced result: Matched(sbt.plugins.CorePlugin,sbt.plugins.Giter8TemplatePlugin,sbt.plugins.IvyPlugin,sbt.plugins.JvmPlugin,sbt.plugins.MiniDependencyTreePlugin,sbt.plugins.JUnitXmlReportPlugin,sbt.plugins.SemanticdbPlugin)
[debug] Plugins.deducer#function took 22.9062 ms
[debug]           Load.resolveProject(global-plugins) took 55.6748ms
[debug]         Load.loadTransitive: finalizeProject(Project(id global-plugins, base: C:\Users\Darryl Theodorus C\.sbt\1.0\plugins, plugins: List(<none>))) took 109.3649ms
[debug] [Loading] Done in C:\Users\Darryl Theodorus C\.sbt\1.0\plugins, returning: (global-plugins)
[debug]       Load.loadUnit: loadedProjectsRaw took 148.3583ms
[debug]       Load.loadUnit: cleanEvalClasses took 0.3132ms
[debug]     Load.loadUnit(file:/C:/Users/Darryl%20Theodorus%20C/.sbt/1.0/plugins/, ...) took 286.7645ms
[debug]   Load.apply: load took 538.2149ms
[debug]   Load.apply: resolveProjects took 7.045ms
[debug]   Load.apply: finalTransforms took 74.9762ms
[debug]   Load.apply: config.delegates took 8.0639ms
[debug]   Load.apply: Def.make(settings)... took 406.4341ms
[debug]   Load.apply: structureIndex took 109.3852ms
[debug]   Load.apply: mkStreams took 2.1112ms
[info] loading global plugins from C:\Users\Darryl Theodorus C\.sbt\1.0\plugins
[debug] Running task... Cancel: Signal, check cycles: false, forcegc: true
[debug] Load.defaultLoad until apply took 2416.4912ms
[debug]           Load.loadUnit: plugins took 23.6761ms
[debug]           Load.loadUnit: defsScala took 0.0029ms
[debug] [Loading] Scanning directory C:\Users\Darryl Theodorus C\Documents\GitHub\chisel-lab\lab5\project
[debug]             Load.loadUnit: mkEval took 4.8899ms
[debug] [Loading] Found non-root projects 
[debug] [Loading] Done in C:\Users\Darryl Theodorus C\Documents\GitHub\chisel-lab\lab5\project, returning: ()
[debug] deducing auto plugins based on known facts Set(Atom(sbt.plugins.CorePlugin)) and clauses Clauses(Clause(Atom(sbt.plugins.JvmPlugin),Set(Atom(sbt.plugins.IvyPlugin)))
[debug] Clause(Atom(sbt.ScriptedPlugin),Set(Atom(sbt.plugins.JvmPlugin)))
[debug] Clause(Atom(sbt.plugins.SbtPlugin),Set(Atom(sbt.ScriptedPlugin)))
[debug] Clause(Atom(sbt.plugins.SemanticdbPlugin),Set(Atom(sbt.plugins.JvmPlugin)))
[debug] Clause(Atom(sbt.plugins.JUnitXmlReportPlugin),Set(Atom(sbt.plugins.JvmPlugin)))
[debug] Clause(Atom(sbt.plugins.MiniDependencyTreePlugin),Set(Atom(sbt.plugins.JvmPlugin)))
[debug] Clause(Atom(sbt.plugins.CorePlugin),Set(Atom(sbt.plugins.IvyPlugin)))
[debug] Clause(Atom(sbt.plugins.IvyPlugin),Set(Atom(sbt.plugins.JvmPlugin)))
[debug] Clause(Atom(sbt.plugins.JvmPlugin),Set(Atom(sbt.plugins.SemanticdbPlugin)))
[debug] Clause(Atom(sbt.plugins.JvmPlugin),Set(Atom(sbt.plugins.JUnitXmlReportPlugin)))
[debug] Clause(Atom(sbt.plugins.CorePlugin),Set(Atom(sbt.plugins.Giter8TemplatePlugin)))
[debug] Clause(Atom(sbt.plugins.JvmPlugin),Set(Atom(sbt.plugins.MiniDependencyTreePlugin))))
[debug]   :: deduced result: Matched(sbt.plugins.CorePlugin,sbt.plugins.Giter8TemplatePlugin,sbt.plugins.IvyPlugin,sbt.plugins.JvmPlugin,sbt.plugins.MiniDependencyTreePlugin,sbt.plugins.JUnitXmlReportPlugin,sbt.plugins.SemanticdbPlugin)
[debug] Plugins.deducer#function took 1.6865 ms
[info] loading settings for project lab5-build from idea.sbt ...
[debug]               Load.resolveProject(lab5-build) took 3.5804ms
[debug]             Load.loadTransitive: finalizeProject(Project(id lab5-build, base: C:\Users\Darryl Theodorus C\Documents\GitHub\chisel-lab\lab5\project, plugins: List(<none>))) took 5.9372ms
[debug] [Loading] Done in C:\Users\Darryl Theodorus C\Documents\GitHub\chisel-lab\lab5\project, returning: (lab5-build)
[debug]           Load.loadUnit: loadedProjectsRaw took 2108.4005ms
[debug]           Load.loadUnit: cleanEvalClasses took 6.7048ms
[debug]         Load.loadUnit(file:/C:/Users/Darryl%20Theodorus%20C/Documents/GitHub/chisel-lab/lab5/project/, ...) took 2139.8501ms
[debug]       Load.apply: load took 2141.6841ms
[debug]       Load.apply: resolveProjects took 0.1383ms
[debug]       Load.apply: finalTransforms took 11.1831ms
[debug]       Load.apply: config.delegates took 0.6447ms
[debug]       Load.apply: Def.make(settings)... took 84.8588ms
[debug]       Load.apply: structureIndex took 28.726ms
[debug]       Load.apply: mkStreams took 0.0021ms
[info] loading project definition from C:\Users\Darryl Theodorus C\Documents\GitHub\chisel-lab\lab5\project
[debug] Running task... Cancel: Signal, check cycles: false, forcegc: true
[warn] Unrecognized repository Scala Plugin Bundled Repository, ignoring it
[warn] Unrecognized repository Scala Plugin Bundled Repository, ignoring it
[debug]     Load.loadUnit: plugins took 3717.5912ms
[debug]     Load.loadUnit: defsScala took 0.0025ms
[debug] [Loading] Scanning directory C:\Users\Darryl Theodorus C\Documents\GitHub\chisel-lab\lab5
[debug]       Load.loadUnit: mkEval took 0.2197ms
[debug] [Loading] Found non-root projects 
[debug] [Loading] Done in C:\Users\Darryl Theodorus C\Documents\GitHub\chisel-lab\lab5, returning: ()
[debug] deducing auto plugins based on known facts Set(Atom(sbt.plugins.CorePlugin)) and clauses Clauses(Clause(Atom(sbt.plugins.JvmPlugin),Set(Atom(sbt.plugins.IvyPlugin)))
[debug] Clause(Atom(sbt.ScriptedPlugin),Set(Atom(sbt.plugins.JvmPlugin)))
[debug] Clause(Atom(sbt.plugins.SbtPlugin),Set(Atom(sbt.ScriptedPlugin)))
[debug] Clause(Atom(sbt.plugins.SemanticdbPlugin),Set(Atom(sbt.plugins.JvmPlugin)))
[debug] Clause(Atom(sbt.plugins.JUnitXmlReportPlugin),Set(Atom(sbt.plugins.JvmPlugin)))
[debug] Clause(Atom(sbt.plugins.MiniDependencyTreePlugin),Set(Atom(sbt.plugins.JvmPlugin)))
[debug] Clause(Atom(org.jetbrains.sbt.StructurePlugin),Set(Atom(sbt.plugins.JvmPlugin)))
[debug] Clause(Atom(org.jetbrains.sbt.IdeaShellPlugin),Set(Atom(sbt.plugins.JvmPlugin)))
[debug] Clause(Atom(org.jetbrains.sbt.indices.SbtIntellijIndicesPlugin),Set(Atom(sbt.plugins.JvmPlugin)))
[debug] Clause(Atom(sbt.plugins.CorePlugin),Set(Atom(sbt.plugins.IvyPlugin)))
[debug] Clause(Atom(sbt.plugins.IvyPlugin),Set(Atom(sbt.plugins.JvmPlugin)))
[debug] Clause(Atom(sbt.plugins.JvmPlugin),Set(Atom(sbt.plugins.SemanticdbPlugin)))
[debug] Clause(Atom(sbt.plugins.JvmPlugin),Set(Atom(sbt.plugins.JUnitXmlReportPlugin)))
[debug] Clause(Atom(sbt.plugins.CorePlugin),Set(Atom(sbt.plugins.Giter8TemplatePlugin)))
[debug] Clause(Atom(sbt.plugins.JvmPlugin),Set(Atom(sbt.plugins.MiniDependencyTreePlugin)))
[debug] Clause(Atom(sbt.plugins.JvmPlugin),Set(Atom(org.jetbrains.sbt.StructurePlugin)))
[debug] Clause(Atom(sbt.plugins.JvmPlugin),Set(Atom(org.jetbrains.sbt.IdeaShellPlugin)))
[debug] Clause(And(Set(Atom(sbt.plugins.CorePlugin), Atom(sbt.plugins.JvmPlugin))),Set(Atom(org.jetbrains.sbt.indices.SbtIntellijIndicesPlugin))))
[debug]   :: deduced result: Matched(sbt.plugins.CorePlugin,sbt.plugins.Giter8TemplatePlugin,sbt.plugins.IvyPlugin,sbt.plugins.JvmPlugin,sbt.plugins.SemanticdbPlugin,org.jetbrains.sbt.indices.SbtIntellijIndicesPlugin,sbt.plugins.JUnitXmlReportPlugin,org.jetbrains.sbt.IdeaShellPlugin,org.jetbrains.sbt.StructurePlugin,sbt.plugins.MiniDependencyTreePlugin)
[debug] Plugins.deducer#function took 1.5605 ms
[info] loading settings for project lab5 from build.sbt ...
[debug]         Load.resolveProject(lab5) took 22.4071ms
[debug]       Load.loadTransitive: finalizeProject(Project(id lab5, base: C:\Users\Darryl Theodorus C\Documents\GitHub\chisel-lab\lab5, plugins: List(<none>))) took 24.8871ms
[debug] [Loading] Done in C:\Users\Darryl Theodorus C\Documents\GitHub\chisel-lab\lab5, returning: (lab5)
[debug]     Load.loadUnit: loadedProjectsRaw took 2076.8554ms
[debug]     Load.loadUnit: cleanEvalClasses took 23.0241ms
[debug]   Load.loadUnit(file:/C:/Users/Darryl%20Theodorus%20C/Documents/GitHub/chisel-lab/lab5/, ...) took 5818.3224ms
[debug] Load.apply: load took 5819.5552ms
[debug] Load.apply: resolveProjects took 0.1032ms
[debug] Load.apply: finalTransforms took 19.4853ms
[debug] Load.apply: config.delegates took 0.2301ms
[debug] Load.apply: Def.make(settings)... took 62.2197ms
[debug] Load.apply: structureIndex took 24.524ms
[debug] Load.apply: mkStreams took 0.0018ms
[info] set current project to lab5 (in build file:/C:/Users/Darryl%20Theodorus%20C/Documents/GitHub/chisel-lab/lab5/)
[debug] > Exec(sbtPopOnFailure, None, None)
[debug] > Exec(resumeFromFailure, None, None)
[debug] > Exec(notifyUsersAboutShell, None, None)
[debug] > Exec(iflast shell, None, None)
[debug] > Exec(; set ideaPort in Global := 52840 ; idea-shell, None, None)
[debug] > Exec(set ideaPort in Global := 52840, None, None)
[info] Defining Global / ideaPort
[info] The new value will be used by Compile / compile, Test / compile
[debug] Defining 
[debug] 	Global / ideaPort
[debug] 
[debug] The new value will be used by 
[debug] 	Compile / compile
[debug] 	Test / compile
[info] Reapplying settings...
[info] set current project to lab5 (in build file:/C:/Users/Darryl%20Theodorus%20C/Documents/GitHub/chisel-lab/lab5/)
[debug] > Exec(idea-shell, None, None)
