[debug] > Exec(early(addDefaultCommands), None, None)
[debug] > Exec(addDefaultCommands, None, None)
[debug] > Exec(early(initialize), None, None)
[debug] > Exec(initialize, None, None)
[debug] > Exec(early(addPluginSbtFile="""C:\Users\Darryl Theodorus C\AppData\Local\Temp\idea.sbt"""), None, None)
[debug] > Exec(addPluginSbtFile="""C:\Users\Darryl Theodorus C\AppData\Local\Temp\idea.sbt""", None, None)
[debug] > Exec(boot, None, None)
[debug] > Exec(writeSbtVersion, None, None)
[debug] > Exec(reload, None, None)
[debug] > Exec(sbtStashOnFailure, None, None)
[debug] > Exec(onFailure loadFailed, None, None)
[debug] > Exec(loadp, None, None)
[info] welcome to sbt 1.8.0 (Oracle Corporation Java 19.0.2)
[debug]       Load.loadUnit: plugins took 106.398ms
[debug]       Load.loadUnit: defsScala took 0.3439ms
[debug] [Loading] Scanning directory C:\Users\Darryl Theodorus C\.sbt\1.0\plugins
[debug] [Loading] Found non-root projects 
[debug] [Loading] Done in C:\Users\Darryl Theodorus C\.sbt\1.0\plugins, returning: ()
[debug] deducing auto plugins based on known facts Set(Atom(sbt.plugins.CorePlugin)) and clauses Clauses(Clause(Atom(sbt.plugins.JvmPlugin),Set(Atom(sbt.plugins.IvyPlugin)))
[debug] Clause(Atom(sbt.ScriptedPlugin),Set(Atom(sbt.plugins.JvmPlugin)))
[debug] Clause(Atom(sbt.plugins.SbtPlugin),Set(Atom(sbt.ScriptedPlugin)))
[debug] Clause(Atom(sbt.plugins.SemanticdbPlugin),Set(Atom(sbt.plugins.JvmPlugin)))
[debug] Clause(Atom(sbt.plugins.JUnitXmlReportPlugin),Set(Atom(sbt.plugins.JvmPlugin)))
[debug] Clause(Atom(sbt.plugins.MiniDependencyTreePlugin),Set(Atom(sbt.plugins.JvmPlugin)))
[debug] Clause(Atom(sbt.plugins.CorePlugin),Set(Atom(sbt.plugins.IvyPlugin)))
[debug] Clause(Atom(sbt.plugins.IvyPlugin),Set(Atom(sbt.plugins.JvmPlugin)))
[debug] Clause(Atom(sbt.plugins.JvmPlugin),Set(Atom(sbt.plugins.SemanticdbPlugin)))
[debug] Clause(Atom(sbt.plugins.JvmPlugin),Set(Atom(sbt.plugins.JUnitXmlReportPlugin)))
[debug] Clause(Atom(sbt.plugins.CorePlugin),Set(Atom(sbt.plugins.Giter8TemplatePlugin)))
[debug] Clause(Atom(sbt.plugins.JvmPlugin),Set(Atom(sbt.plugins.MiniDependencyTreePlugin))))
[debug]   :: deduced result: Matched(sbt.plugins.CorePlugin,sbt.plugins.Giter8TemplatePlugin,sbt.plugins.IvyPlugin,sbt.plugins.JvmPlugin,sbt.plugins.MiniDependencyTreePlugin,sbt.plugins.JUnitXmlReportPlugin,sbt.plugins.SemanticdbPlugin)
[debug] Plugins.deducer#function took 18.239 ms
[debug]           Load.resolveProject(global-plugins) took 41.1767ms
[debug]         Load.loadTransitive: finalizeProject(Project(id global-plugins, base: C:\Users\Darryl Theodorus C\.sbt\1.0\plugins, plugins: List(<none>))) took 78.4375ms
[debug] [Loading] Done in C:\Users\Darryl Theodorus C\.sbt\1.0\plugins, returning: (global-plugins)
[debug]       Load.loadUnit: loadedProjectsRaw took 109.9298ms
[debug]       Load.loadUnit: cleanEvalClasses took 0.3191ms
[debug]     Load.loadUnit(file:/C:/Users/Darryl%20Theodorus%20C/.sbt/1.0/plugins/, ...) took 228.7159ms
[debug]   Load.apply: load took 471.8597ms
[debug]   Load.apply: resolveProjects took 7.1712ms
[debug]   Load.apply: finalTransforms took 69.8006ms
[debug]   Load.apply: config.delegates took 8.9771ms
[debug]   Load.apply: Def.make(settings)... took 416.0893ms
[debug]   Load.apply: structureIndex took 89.1419ms
[debug]   Load.apply: mkStreams took 1.3534ms
[info] loading global plugins from C:\Users\Darryl Theodorus C\.sbt\1.0\plugins
[debug] Running task... Cancel: Signal, check cycles: false, forcegc: true
[debug] Load.defaultLoad until apply took 2403.3063ms
[debug]           Load.loadUnit: plugins took 27.0779ms
[debug]           Load.loadUnit: defsScala took 0.005ms
[debug] [Loading] Scanning directory C:\Users\Darryl Theodorus C\Documents\GitHub\chisel-lab\lab5\project
[debug]             Load.loadUnit: mkEval took 7.5963ms
[debug] [Loading] Found non-root projects 
[debug] [Loading] Done in C:\Users\Darryl Theodorus C\Documents\GitHub\chisel-lab\lab5\project, returning: ()
[debug] deducing auto plugins based on known facts Set(Atom(sbt.plugins.CorePlugin)) and clauses Clauses(Clause(Atom(sbt.plugins.JvmPlugin),Set(Atom(sbt.plugins.IvyPlugin)))
[debug] Clause(Atom(sbt.ScriptedPlugin),Set(Atom(sbt.plugins.JvmPlugin)))
[debug] Clause(Atom(sbt.plugins.SbtPlugin),Set(Atom(sbt.ScriptedPlugin)))
[debug] Clause(Atom(sbt.plugins.SemanticdbPlugin),Set(Atom(sbt.plugins.JvmPlugin)))
[debug] Clause(Atom(sbt.plugins.JUnitXmlReportPlugin),Set(Atom(sbt.plugins.JvmPlugin)))
[debug] Clause(Atom(sbt.plugins.MiniDependencyTreePlugin),Set(Atom(sbt.plugins.JvmPlugin)))
[debug] Clause(Atom(sbt.plugins.CorePlugin),Set(Atom(sbt.plugins.IvyPlugin)))
[debug] Clause(Atom(sbt.plugins.IvyPlugin),Set(Atom(sbt.plugins.JvmPlugin)))
[debug] Clause(Atom(sbt.plugins.JvmPlugin),Set(Atom(sbt.plugins.SemanticdbPlugin)))
[debug] Clause(Atom(sbt.plugins.JvmPlugin),Set(Atom(sbt.plugins.JUnitXmlReportPlugin)))
[debug] Clause(Atom(sbt.plugins.CorePlugin),Set(Atom(sbt.plugins.Giter8TemplatePlugin)))
[debug] Clause(Atom(sbt.plugins.JvmPlugin),Set(Atom(sbt.plugins.MiniDependencyTreePlugin))))
[debug]   :: deduced result: Matched(sbt.plugins.CorePlugin,sbt.plugins.Giter8TemplatePlugin,sbt.plugins.IvyPlugin,sbt.plugins.JvmPlugin,sbt.plugins.MiniDependencyTreePlugin,sbt.plugins.JUnitXmlReportPlugin,sbt.plugins.SemanticdbPlugin)
[debug] Plugins.deducer#function took 1.9062 ms
[info] loading settings for project lab5-build from idea.sbt ...
[debug]               Load.resolveProject(lab5-build) took 5.1645ms
[debug]             Load.loadTransitive: finalizeProject(Project(id lab5-build, base: C:\Users\Darryl Theodorus C\Documents\GitHub\chisel-lab\lab5\project, plugins: List(<none>))) took 7.7233ms
[debug] [Loading] Done in C:\Users\Darryl Theodorus C\Documents\GitHub\chisel-lab\lab5\project, returning: (lab5-build)
[debug]           Load.loadUnit: loadedProjectsRaw took 151.2991ms
[debug]           Load.loadUnit: cleanEvalClasses took 7.2096ms
[debug]         Load.loadUnit(file:/C:/Users/Darryl%20Theodorus%20C/Documents/GitHub/chisel-lab/lab5/project/, ...) took 186.7679ms
[debug]       Load.apply: load took 188.5066ms
[debug]       Load.apply: resolveProjects took 0.1081ms
[debug]       Load.apply: finalTransforms took 12.7513ms
[debug]       Load.apply: config.delegates took 0.4336ms
[debug]       Load.apply: Def.make(settings)... took 84.499ms
[debug]       Load.apply: structureIndex took 28.1587ms
[debug]       Load.apply: mkStreams took 0.0021ms
[info] loading project definition from C:\Users\Darryl Theodorus C\Documents\GitHub\chisel-lab\lab5\project
[debug] Running task... Cancel: Signal, check cycles: false, forcegc: true
[debug]     Load.loadUnit: plugins took 597.5009ms
[debug]     Load.loadUnit: defsScala took 0.0024ms
[debug] [Loading] Scanning directory C:\Users\Darryl Theodorus C\Documents\GitHub\chisel-lab\lab5
[debug]       Load.loadUnit: mkEval took 0.2245ms
[debug] [Loading] Found non-root projects 
[debug] [Loading] Done in C:\Users\Darryl Theodorus C\Documents\GitHub\chisel-lab\lab5, returning: ()
[debug] deducing auto plugins based on known facts Set(Atom(sbt.plugins.CorePlugin)) and clauses Clauses(Clause(Atom(sbt.plugins.JvmPlugin),Set(Atom(sbt.plugins.IvyPlugin)))
[debug] Clause(Atom(sbt.ScriptedPlugin),Set(Atom(sbt.plugins.JvmPlugin)))
[debug] Clause(Atom(sbt.plugins.SbtPlugin),Set(Atom(sbt.ScriptedPlugin)))
[debug] Clause(Atom(sbt.plugins.SemanticdbPlugin),Set(Atom(sbt.plugins.JvmPlugin)))
[debug] Clause(Atom(sbt.plugins.JUnitXmlReportPlugin),Set(Atom(sbt.plugins.JvmPlugin)))
[debug] Clause(Atom(sbt.plugins.MiniDependencyTreePlugin),Set(Atom(sbt.plugins.JvmPlugin)))
[debug] Clause(Atom(org.jetbrains.sbt.StructurePlugin),Set(Atom(sbt.plugins.JvmPlugin)))
[debug] Clause(Atom(org.jetbrains.sbt.IdeaShellPlugin),Set(Atom(sbt.plugins.JvmPlugin)))
[debug] Clause(Atom(org.jetbrains.sbt.indices.SbtIntellijIndicesPlugin),Set(Atom(sbt.plugins.JvmPlugin)))
[debug] Clause(Atom(sbt.plugins.CorePlugin),Set(Atom(sbt.plugins.IvyPlugin)))
[debug] Clause(Atom(sbt.plugins.IvyPlugin),Set(Atom(sbt.plugins.JvmPlugin)))
[debug] Clause(Atom(sbt.plugins.JvmPlugin),Set(Atom(sbt.plugins.SemanticdbPlugin)))
[debug] Clause(Atom(sbt.plugins.JvmPlugin),Set(Atom(sbt.plugins.JUnitXmlReportPlugin)))
[debug] Clause(Atom(sbt.plugins.CorePlugin),Set(Atom(sbt.plugins.Giter8TemplatePlugin)))
[debug] Clause(Atom(sbt.plugins.JvmPlugin),Set(Atom(sbt.plugins.MiniDependencyTreePlugin)))
[debug] Clause(Atom(sbt.plugins.JvmPlugin),Set(Atom(org.jetbrains.sbt.StructurePlugin)))
[debug] Clause(Atom(sbt.plugins.JvmPlugin),Set(Atom(org.jetbrains.sbt.IdeaShellPlugin)))
[debug] Clause(And(Set(Atom(sbt.plugins.CorePlugin), Atom(sbt.plugins.JvmPlugin))),Set(Atom(org.jetbrains.sbt.indices.SbtIntellijIndicesPlugin))))
[debug]   :: deduced result: Matched(sbt.plugins.CorePlugin,sbt.plugins.Giter8TemplatePlugin,sbt.plugins.IvyPlugin,sbt.plugins.JvmPlugin,sbt.plugins.SemanticdbPlugin,org.jetbrains.sbt.indices.SbtIntellijIndicesPlugin,sbt.plugins.JUnitXmlReportPlugin,org.jetbrains.sbt.IdeaShellPlugin,org.jetbrains.sbt.StructurePlugin,sbt.plugins.MiniDependencyTreePlugin)
[debug] Plugins.deducer#function took 2.2255 ms
[info] loading settings for project lab5 from build.sbt ...
[debug]         Load.resolveProject(lab5) took 31.5292ms
[debug]       Load.loadTransitive: finalizeProject(Project(id lab5, base: C:\Users\Darryl Theodorus C\Documents\GitHub\chisel-lab\lab5, plugins: List(<none>))) took 34.5748ms
[debug] [Loading] Done in C:\Users\Darryl Theodorus C\Documents\GitHub\chisel-lab\lab5, returning: (lab5)
[debug]     Load.loadUnit: loadedProjectsRaw took 117.2365ms
[debug]     Load.loadUnit: cleanEvalClasses took 23.7991ms
[debug]   Load.loadUnit(file:/C:/Users/Darryl%20Theodorus%20C/Documents/GitHub/chisel-lab/lab5/, ...) took 739.4742ms
[debug] Load.apply: load took 741.3441ms
[debug] Load.apply: resolveProjects took 0.1817ms
[debug] Load.apply: finalTransforms took 30.961ms
[debug] Load.apply: config.delegates took 0.3952ms
[debug] Load.apply: Def.make(settings)... took 77.9052ms
[debug] Load.apply: structureIndex took 29.6124ms
[debug] Load.apply: mkStreams took 0.0022ms
[info] set current project to lab5 (in build file:/C:/Users/Darryl%20Theodorus%20C/Documents/GitHub/chisel-lab/lab5/)
[debug] > Exec(sbtPopOnFailure, None, None)
[debug] > Exec(resumeFromFailure, None, None)
[debug] > Exec(notifyUsersAboutShell, None, None)
[debug] > Exec(iflast shell, None, None)
[debug] > Exec(; set ideaPort in Global := 62033 ; idea-shell, None, None)
[debug] > Exec(set ideaPort in Global := 62033, None, None)
[info] Defining Global / ideaPort
[info] The new value will be used by Compile / compile, Test / compile
[debug] Defining 
[debug] 	Global / ideaPort
[debug] 
[debug] The new value will be used by 
[debug] 	Compile / compile
[debug] 	Test / compile
[info] Reapplying settings...
[info] set current project to lab5 (in build file:/C:/Users/Darryl%20Theodorus%20C/Documents/GitHub/chisel-lab/lab5/)
[debug] > Exec(idea-shell, None, None)
