[debug] > Exec(early(addDefaultCommands), None, None)
[debug] > Exec(addDefaultCommands, None, None)
[debug] > Exec(early(initialize), None, None)
[debug] > Exec(initialize, None, None)
[debug] > Exec(early(addPluginSbtFile="""C:\Users\Darryl Theodorus C\AppData\Local\Temp\idea.sbt"""), None, None)
[debug] > Exec(addPluginSbtFile="""C:\Users\Darryl Theodorus C\AppData\Local\Temp\idea.sbt""", None, None)
[debug] > Exec(boot, None, None)
[debug] > Exec(writeSbtVersion, None, None)
[debug] > Exec(reload, None, None)
[debug] > Exec(sbtStashOnFailure, None, None)
[debug] > Exec(onFailure loadFailed, None, None)
[debug] > Exec(loadp, None, None)
[info] welcome to sbt 1.8.2 (Oracle Corporation Java 19.0.2)
[debug]       Load.loadUnit: plugins took 140.3212ms
[debug]       Load.loadUnit: defsScala took 0.3324ms
[debug] [Loading] Scanning directory C:\Users\Darryl Theodorus C\.sbt\1.0\plugins
[debug] [Loading] Found non-root projects 
[debug] [Loading] Done in C:\Users\Darryl Theodorus C\.sbt\1.0\plugins, returning: ()
[debug] deducing auto plugins based on known facts Set(Atom(sbt.plugins.CorePlugin)) and clauses Clauses(Clause(Atom(sbt.plugins.JvmPlugin),Set(Atom(sbt.plugins.IvyPlugin)))
[debug] Clause(Atom(sbt.ScriptedPlugin),Set(Atom(sbt.plugins.JvmPlugin)))
[debug] Clause(Atom(sbt.plugins.SbtPlugin),Set(Atom(sbt.ScriptedPlugin)))
[debug] Clause(Atom(sbt.plugins.SemanticdbPlugin),Set(Atom(sbt.plugins.JvmPlugin)))
[debug] Clause(Atom(sbt.plugins.JUnitXmlReportPlugin),Set(Atom(sbt.plugins.JvmPlugin)))
[debug] Clause(Atom(sbt.plugins.MiniDependencyTreePlugin),Set(Atom(sbt.plugins.JvmPlugin)))
[debug] Clause(Atom(sbt.plugins.CorePlugin),Set(Atom(sbt.plugins.IvyPlugin)))
[debug] Clause(Atom(sbt.plugins.IvyPlugin),Set(Atom(sbt.plugins.JvmPlugin)))
[debug] Clause(Atom(sbt.plugins.JvmPlugin),Set(Atom(sbt.plugins.SemanticdbPlugin)))
[debug] Clause(Atom(sbt.plugins.JvmPlugin),Set(Atom(sbt.plugins.JUnitXmlReportPlugin)))
[debug] Clause(Atom(sbt.plugins.CorePlugin),Set(Atom(sbt.plugins.Giter8TemplatePlugin)))
[debug] Clause(Atom(sbt.plugins.JvmPlugin),Set(Atom(sbt.plugins.MiniDependencyTreePlugin))))
[debug]   :: deduced result: Matched(sbt.plugins.CorePlugin,sbt.plugins.Giter8TemplatePlugin,sbt.plugins.IvyPlugin,sbt.plugins.JvmPlugin,sbt.plugins.MiniDependencyTreePlugin,sbt.plugins.JUnitXmlReportPlugin,sbt.plugins.SemanticdbPlugin)
[debug] Plugins.deducer#function took 20.0622 ms
[debug]           Load.resolveProject(global-plugins) took 60.1901ms
[debug]         Load.loadTransitive: finalizeProject(Project(id global-plugins, base: C:\Users\Darryl Theodorus C\.sbt\1.0\plugins, plugins: List(<none>))) took 107.3953ms
[debug] [Loading] Done in C:\Users\Darryl Theodorus C\.sbt\1.0\plugins, returning: (global-plugins)
[debug]       Load.loadUnit: loadedProjectsRaw took 134.7854ms
[debug]       Load.loadUnit: cleanEvalClasses took 0.2791ms
[debug]     Load.loadUnit(file:/C:/Users/Darryl%20Theodorus%20C/.sbt/1.0/plugins/, ...) took 287.0187ms
[debug]   Load.apply: load took 513.6448ms
[debug]   Load.apply: resolveProjects took 7.9716ms
[debug]   Load.apply: finalTransforms took 67.9541ms
[debug]   Load.apply: config.delegates took 9.4957ms
[debug]   Load.apply: Def.make(settings)... took 392.6843ms
[debug]   Load.apply: structureIndex took 109.946ms
[debug]   Load.apply: mkStreams took 1.2985ms
[info] loading global plugins from C:\Users\Darryl Theodorus C\.sbt\1.0\plugins
[debug] Running task... Cancel: Signal, check cycles: false, forcegc: true
[debug] Load.defaultLoad until apply took 3526.9578ms
[debug]           Load.loadUnit: plugins took 33.6819ms
[debug]           Load.loadUnit: defsScala took 0.005ms
[debug] [Loading] Scanning directory C:\Users\Darryl Theodorus C\Documents\GitHub\chisel-lab\lab10\project
[debug]             Load.loadUnit: mkEval took 9.7222ms
[debug] [Loading] Found non-root projects 
[debug] [Loading] Done in C:\Users\Darryl Theodorus C\Documents\GitHub\chisel-lab\lab10\project, returning: ()
[debug] deducing auto plugins based on known facts Set(Atom(sbt.plugins.CorePlugin)) and clauses Clauses(Clause(Atom(sbt.plugins.JvmPlugin),Set(Atom(sbt.plugins.IvyPlugin)))
[debug] Clause(Atom(sbt.ScriptedPlugin),Set(Atom(sbt.plugins.JvmPlugin)))
[debug] Clause(Atom(sbt.plugins.SbtPlugin),Set(Atom(sbt.ScriptedPlugin)))
[debug] Clause(Atom(sbt.plugins.SemanticdbPlugin),Set(Atom(sbt.plugins.JvmPlugin)))
[debug] Clause(Atom(sbt.plugins.JUnitXmlReportPlugin),Set(Atom(sbt.plugins.JvmPlugin)))
[debug] Clause(Atom(sbt.plugins.MiniDependencyTreePlugin),Set(Atom(sbt.plugins.JvmPlugin)))
[debug] Clause(Atom(sbt.plugins.CorePlugin),Set(Atom(sbt.plugins.IvyPlugin)))
[debug] Clause(Atom(sbt.plugins.IvyPlugin),Set(Atom(sbt.plugins.JvmPlugin)))
[debug] Clause(Atom(sbt.plugins.JvmPlugin),Set(Atom(sbt.plugins.SemanticdbPlugin)))
[debug] Clause(Atom(sbt.plugins.JvmPlugin),Set(Atom(sbt.plugins.JUnitXmlReportPlugin)))
[debug] Clause(Atom(sbt.plugins.CorePlugin),Set(Atom(sbt.plugins.Giter8TemplatePlugin)))
[debug] Clause(Atom(sbt.plugins.JvmPlugin),Set(Atom(sbt.plugins.MiniDependencyTreePlugin))))
[debug]   :: deduced result: Matched(sbt.plugins.CorePlugin,sbt.plugins.Giter8TemplatePlugin,sbt.plugins.IvyPlugin,sbt.plugins.JvmPlugin,sbt.plugins.MiniDependencyTreePlugin,sbt.plugins.JUnitXmlReportPlugin,sbt.plugins.SemanticdbPlugin)
[debug] Plugins.deducer#function took 1.7411 ms
[info] loading settings for project lab10-build from idea.sbt ...
[debug]               Load.resolveProject(lab10-build) took 3.1991ms
[debug]             Load.loadTransitive: finalizeProject(Project(id lab10-build, base: C:\Users\Darryl Theodorus C\Documents\GitHub\chisel-lab\lab10\project, plugins: List(<none>))) took 5.5352ms
[debug] [Loading] Done in C:\Users\Darryl Theodorus C\Documents\GitHub\chisel-lab\lab10\project, returning: (lab10-build)
[debug]           Load.loadUnit: loadedProjectsRaw took 2541.5642ms
[debug]           Load.loadUnit: cleanEvalClasses took 5.2905ms
[debug]         Load.loadUnit(file:/C:/Users/Darryl%20Theodorus%20C/Documents/GitHub/chisel-lab/lab10/project/, ...) took 2581.8071ms
[debug]       Load.apply: load took 2584.0678ms
[debug]       Load.apply: resolveProjects took 0.1457ms
[debug]       Load.apply: finalTransforms took 14.4769ms
[debug]       Load.apply: config.delegates took 0.5606ms
[debug]       Load.apply: Def.make(settings)... took 110.361ms
[debug]       Load.apply: structureIndex took 39.018ms
[debug]       Load.apply: mkStreams took 0.0025ms
[info] loading project definition from C:\Users\Darryl Theodorus C\Documents\GitHub\chisel-lab\lab10\project
[debug] Running task... Cancel: Signal, check cycles: false, forcegc: true
[warn] Unrecognized repository Scala Plugin Bundled Repository, ignoring it
[warn] Unrecognized repository Scala Plugin Bundled Repository, ignoring it
[debug]     Load.loadUnit: plugins took 4140.522ms
[debug]     Load.loadUnit: defsScala took 0.0031ms
[debug] [Loading] Scanning directory C:\Users\Darryl Theodorus C\Documents\GitHub\chisel-lab\lab10
[debug]       Load.loadUnit: mkEval took 0.1875ms
[debug] [Loading] Found non-root projects 
[debug] [Loading] Done in C:\Users\Darryl Theodorus C\Documents\GitHub\chisel-lab\lab10, returning: ()
[debug] deducing auto plugins based on known facts Set(Atom(sbt.plugins.CorePlugin)) and clauses Clauses(Clause(Atom(sbt.plugins.JvmPlugin),Set(Atom(sbt.plugins.IvyPlugin)))
[debug] Clause(Atom(sbt.ScriptedPlugin),Set(Atom(sbt.plugins.JvmPlugin)))
[debug] Clause(Atom(sbt.plugins.SbtPlugin),Set(Atom(sbt.ScriptedPlugin)))
[debug] Clause(Atom(sbt.plugins.SemanticdbPlugin),Set(Atom(sbt.plugins.JvmPlugin)))
[debug] Clause(Atom(sbt.plugins.JUnitXmlReportPlugin),Set(Atom(sbt.plugins.JvmPlugin)))
[debug] Clause(Atom(sbt.plugins.MiniDependencyTreePlugin),Set(Atom(sbt.plugins.JvmPlugin)))
[debug] Clause(Atom(org.jetbrains.sbt.StructurePlugin),Set(Atom(sbt.plugins.JvmPlugin)))
[debug] Clause(Atom(org.jetbrains.sbt.IdeaShellPlugin),Set(Atom(sbt.plugins.JvmPlugin)))
[debug] Clause(Atom(org.jetbrains.sbt.indices.SbtIntellijIndicesPlugin),Set(Atom(sbt.plugins.JvmPlugin)))
[debug] Clause(Atom(sbt.plugins.CorePlugin),Set(Atom(sbt.plugins.IvyPlugin)))
[debug] Clause(Atom(sbt.plugins.IvyPlugin),Set(Atom(sbt.plugins.JvmPlugin)))
[debug] Clause(Atom(sbt.plugins.JvmPlugin),Set(Atom(sbt.plugins.SemanticdbPlugin)))
[debug] Clause(Atom(sbt.plugins.JvmPlugin),Set(Atom(sbt.plugins.JUnitXmlReportPlugin)))
[debug] Clause(Atom(sbt.plugins.CorePlugin),Set(Atom(sbt.plugins.Giter8TemplatePlugin)))
[debug] Clause(Atom(sbt.plugins.JvmPlugin),Set(Atom(sbt.plugins.MiniDependencyTreePlugin)))
[debug] Clause(Atom(sbt.plugins.JvmPlugin),Set(Atom(org.jetbrains.sbt.StructurePlugin)))
[debug] Clause(Atom(sbt.plugins.JvmPlugin),Set(Atom(org.jetbrains.sbt.IdeaShellPlugin)))
[debug] Clause(And(Set(Atom(sbt.plugins.CorePlugin), Atom(sbt.plugins.JvmPlugin))),Set(Atom(org.jetbrains.sbt.indices.SbtIntellijIndicesPlugin))))
[debug]   :: deduced result: Matched(sbt.plugins.CorePlugin,sbt.plugins.Giter8TemplatePlugin,sbt.plugins.IvyPlugin,sbt.plugins.JvmPlugin,sbt.plugins.SemanticdbPlugin,org.jetbrains.sbt.indices.SbtIntellijIndicesPlugin,sbt.plugins.JUnitXmlReportPlugin,org.jetbrains.sbt.IdeaShellPlugin,org.jetbrains.sbt.StructurePlugin,sbt.plugins.MiniDependencyTreePlugin)
[debug] Plugins.deducer#function took 2.165 ms
[info] loading settings for project lab10 from build.sbt ...
[debug]         Load.resolveProject(lab10) took 29.4838ms
[debug]       Load.loadTransitive: finalizeProject(Project(id lab10, base: C:\Users\Darryl Theodorus C\Documents\GitHub\chisel-lab\lab10, plugins: List(<none>))) took 32.866ms
[debug] [Loading] Done in C:\Users\Darryl Theodorus C\Documents\GitHub\chisel-lab\lab10, returning: (lab10)
[debug]     Load.loadUnit: loadedProjectsRaw took 1453.2875ms
[debug]     Load.loadUnit: cleanEvalClasses took 20.4228ms
[debug]   Load.loadUnit(file:/C:/Users/Darryl%20Theodorus%20C/Documents/GitHub/chisel-lab/lab10/, ...) took 5615.1912ms
[debug] Load.apply: load took 5616.9356ms
[debug] Load.apply: resolveProjects took 0.1457ms
[debug] Load.apply: finalTransforms took 17.2084ms
[debug] Load.apply: config.delegates took 0.2129ms
[debug] Load.apply: Def.make(settings)... took 51.7564ms
[debug] Load.apply: structureIndex took 18.6785ms
[debug] Load.apply: mkStreams took 0.0018ms
[info] set current project to lab10 (in build file:/C:/Users/Darryl%20Theodorus%20C/Documents/GitHub/chisel-lab/lab10/)
[debug] > Exec(sbtPopOnFailure, None, None)
[debug] > Exec(resumeFromFailure, None, None)
[debug] > Exec(notifyUsersAboutShell, None, None)
[debug] > Exec(iflast shell, None, None)
[debug] > Exec(; set ideaPort in Global := 60288 ; idea-shell, None, None)
[debug] > Exec(set ideaPort in Global := 60288, None, None)
[info] Defining Global / ideaPort
[info] The new value will be used by Compile / compile, Test / compile
[debug] Defining 
[debug] 	Global / ideaPort
[debug] 
[debug] The new value will be used by 
[debug] 	Compile / compile
[debug] 	Test / compile
[info] Reapplying settings...
[info] set current project to lab10 (in build file:/C:/Users/Darryl%20Theodorus%20C/Documents/GitHub/chisel-lab/lab10/)
[debug] > Exec(idea-shell, None, None)
