Copyright 1986-2022 Xilinx, Inc. All Rights Reserved.
---------------------------------------------------------------------------------------
| Tool Version : Vivado v.2022.2 (win64) Build 3671981 Fri Oct 14 05:00:03 MDT 2022
| Date         : Thu Mar 30 16:34:59 2023
| Host         : DELL-XPS15 running 64-bit major release  (build 9200)
| Command      : report_control_sets -verbose -file SerialPort_control_sets_placed.rpt
| Design       : SerialPort
| Device       : xc7a35t
---------------------------------------------------------------------------------------

Control Set Information

Table of Contents
-----------------
1. Summary
2. Histogram
3. Flip-Flop Distribution
4. Detailed Control Set Information

1. Summary
----------

+----------------------------------------------------------+-------+
|                          Status                          | Count |
+----------------------------------------------------------+-------+
| Total control sets                                       |     4 |
|    Minimum number of control sets                        |     4 |
|    Addition due to synthesis replication                 |     0 |
|    Addition due to physical synthesis replication        |     0 |
| Unused register locations in slices containing registers |    21 |
+----------------------------------------------------------+-------+
* Control sets can be merged at opt_design using control_set_merge or merge_equivalent_drivers
** Run report_qor_suggestions for automated merging and remapping suggestions


2. Histogram
------------

+--------------------+-------+
|       Fanout       | Count |
+--------------------+-------+
| Total control sets |     4 |
| >= 0 to < 4        |     1 |
| >= 4 to < 6        |     0 |
| >= 6 to < 8        |     0 |
| >= 8 to < 10       |     1 |
| >= 10 to < 12      |     1 |
| >= 12 to < 14      |     0 |
| >= 14 to < 16      |     1 |
| >= 16              |     0 |
+--------------------+-------+
* Control sets can be remapped at either synth_design or opt_design


3. Flip-Flop Distribution
-------------------------

+--------------+-----------------------+------------------------+-----------------+--------------+
| Clock Enable | Synchronous Set/Reset | Asynchronous Set/Reset | Total Registers | Total Slices |
+--------------+-----------------------+------------------------+-----------------+--------------+
| No           | No                    | No                     |               1 |            1 |
| No           | No                    | Yes                    |               0 |            0 |
| No           | Yes                   | No                     |              25 |            9 |
| Yes          | No                    | No                     |               0 |            0 |
| Yes          | No                    | Yes                    |               0 |            0 |
| Yes          | Yes                   | No                     |               9 |            2 |
+--------------+-----------------------+------------------------+-----------------+--------------+


4. Detailed Control Set Information
-----------------------------------

+------------------+-----------------------------+----------------------------+------------------+----------------+--------------+
|   Clock Signal   |        Enable Signal        |      Set/Reset Signal      | Slice Load Count | Bel Load Count | Bels / Slice |
+------------------+-----------------------------+----------------------------+------------------+----------------+--------------+
|  clock_IBUF_BUFG |                             |                            |                1 |              1 |         1.00 |
|  clock_IBUF_BUFG | uart/tx/_io_channel_ready_T | reset_IBUF                 |                2 |              9 |         4.50 |
|  clock_IBUF_BUFG |                             | reset_IBUF                 |                4 |             11 |         2.75 |
|  clock_IBUF_BUFG |                             | uart/tx/cntReg[19]_i_1_n_0 |                5 |             14 |         2.80 |
+------------------+-----------------------------+----------------------------+------------------+----------------+--------------+


