[debug] > Exec(early(addDefaultCommands), None, None)
[debug] > Exec(addDefaultCommands, None, None)
[debug] > Exec(early(initialize), None, None)
[debug] > Exec(initialize, None, None)
[debug] > Exec(boot, None, None)
[debug] > Exec(writeSbtVersion, None, None)
[debug] > Exec(reload, None, None)
[debug] > Exec(sbtStashOnFailure, None, None)
[debug] > Exec(onFailure loadFailed, None, None)
[debug] > Exec(loadp, None, None)
[info] welcome to sbt 1.8.0 (Oracle Corporation Java 19.0.2)
[debug]       Load.loadUnit: plugins took 167.4381ms
[debug]       Load.loadUnit: defsScala took 0.3532ms
[debug] [Loading] Scanning directory C:\Users\Darryl Theodorus C\.sbt\1.0\plugins
[debug] [Loading] Found non-root projects 
[debug] [Loading] Done in C:\Users\Darryl Theodorus C\.sbt\1.0\plugins, returning: ()
[debug] deducing auto plugins based on known facts Set(Atom(sbt.plugins.CorePlugin)) and clauses Clauses(Clause(Atom(sbt.plugins.JvmPlugin),Set(Atom(sbt.plugins.IvyPlugin)))
[debug] Clause(Atom(sbt.ScriptedPlugin),Set(Atom(sbt.plugins.JvmPlugin)))
[debug] Clause(Atom(sbt.plugins.SbtPlugin),Set(Atom(sbt.ScriptedPlugin)))
[debug] Clause(Atom(sbt.plugins.SemanticdbPlugin),Set(Atom(sbt.plugins.JvmPlugin)))
[debug] Clause(Atom(sbt.plugins.JUnitXmlReportPlugin),Set(Atom(sbt.plugins.JvmPlugin)))
[debug] Clause(Atom(sbt.plugins.MiniDependencyTreePlugin),Set(Atom(sbt.plugins.JvmPlugin)))
[debug] Clause(Atom(sbt.plugins.CorePlugin),Set(Atom(sbt.plugins.IvyPlugin)))
[debug] Clause(Atom(sbt.plugins.IvyPlugin),Set(Atom(sbt.plugins.JvmPlugin)))
[debug] Clause(Atom(sbt.plugins.JvmPlugin),Set(Atom(sbt.plugins.SemanticdbPlugin)))
[debug] Clause(Atom(sbt.plugins.JvmPlugin),Set(Atom(sbt.plugins.JUnitXmlReportPlugin)))
[debug] Clause(Atom(sbt.plugins.CorePlugin),Set(Atom(sbt.plugins.Giter8TemplatePlugin)))
[debug] Clause(Atom(sbt.plugins.JvmPlugin),Set(Atom(sbt.plugins.MiniDependencyTreePlugin))))
[debug]   :: deduced result: Matched(sbt.plugins.CorePlugin,sbt.plugins.Giter8TemplatePlugin,sbt.plugins.IvyPlugin,sbt.plugins.JvmPlugin,sbt.plugins.MiniDependencyTreePlugin,sbt.plugins.JUnitXmlReportPlugin,sbt.plugins.SemanticdbPlugin)
[debug] Plugins.deducer#function took 36.5865 ms
[debug]           Load.resolveProject(global-plugins) took 129.1614ms
[debug]         Load.loadTransitive: finalizeProject(Project(id global-plugins, base: C:\Users\Darryl Theodorus C\.sbt\1.0\plugins, plugins: List(<none>))) took 202.7608ms
[debug] [Loading] Done in C:\Users\Darryl Theodorus C\.sbt\1.0\plugins, returning: (global-plugins)
[debug]       Load.loadUnit: loadedProjectsRaw took 255.7162ms
[debug]       Load.loadUnit: cleanEvalClasses took 0.7015ms
[debug]     Load.loadUnit(file:/C:/Users/Darryl%20Theodorus%20C/.sbt/1.0/plugins/, ...) took 442.4025ms
[debug]   Load.apply: load took 743.9755ms
[debug]   Load.apply: resolveProjects took 6.9838ms
[debug]   Load.apply: finalTransforms took 63.1545ms
[debug]   Load.apply: config.delegates took 12.1478ms
[debug]   Load.apply: Def.make(settings)... took 599.0698ms
[debug]   Load.apply: structureIndex took 128.9362ms
[debug]   Load.apply: mkStreams took 2.342ms
[info] loading global plugins from C:\Users\Darryl Theodorus C\.sbt\1.0\plugins
[debug] Running task... Cancel: Signal, check cycles: false, forcegc: true
[debug] Load.defaultLoad until apply took 5535.5093ms
[debug]           Load.loadUnit: plugins took 15.0196ms
[debug]           Load.loadUnit: defsScala took 0.0023ms
[debug] [Loading] Scanning directory C:\Users\Darryl Theodorus C\Documents\GitHub\chisel-lab\lab7\project
[debug] [Loading] Found non-root projects 
[debug] [Loading] Done in C:\Users\Darryl Theodorus C\Documents\GitHub\chisel-lab\lab7\project, returning: ()
[debug] deducing auto plugins based on known facts Set(Atom(sbt.plugins.CorePlugin)) and clauses Clauses(Clause(Atom(sbt.plugins.JvmPlugin),Set(Atom(sbt.plugins.IvyPlugin)))
[debug] Clause(Atom(sbt.ScriptedPlugin),Set(Atom(sbt.plugins.JvmPlugin)))
[debug] Clause(Atom(sbt.plugins.SbtPlugin),Set(Atom(sbt.ScriptedPlugin)))
[debug] Clause(Atom(sbt.plugins.SemanticdbPlugin),Set(Atom(sbt.plugins.JvmPlugin)))
[debug] Clause(Atom(sbt.plugins.JUnitXmlReportPlugin),Set(Atom(sbt.plugins.JvmPlugin)))
[debug] Clause(Atom(sbt.plugins.MiniDependencyTreePlugin),Set(Atom(sbt.plugins.JvmPlugin)))
[debug] Clause(Atom(sbt.plugins.CorePlugin),Set(Atom(sbt.plugins.IvyPlugin)))
[debug] Clause(Atom(sbt.plugins.IvyPlugin),Set(Atom(sbt.plugins.JvmPlugin)))
[debug] Clause(Atom(sbt.plugins.JvmPlugin),Set(Atom(sbt.plugins.SemanticdbPlugin)))
[debug] Clause(Atom(sbt.plugins.JvmPlugin),Set(Atom(sbt.plugins.JUnitXmlReportPlugin)))
[debug] Clause(Atom(sbt.plugins.CorePlugin),Set(Atom(sbt.plugins.Giter8TemplatePlugin)))
[debug] Clause(Atom(sbt.plugins.JvmPlugin),Set(Atom(sbt.plugins.MiniDependencyTreePlugin))))
[debug]   :: deduced result: Matched(sbt.plugins.CorePlugin,sbt.plugins.Giter8TemplatePlugin,sbt.plugins.IvyPlugin,sbt.plugins.JvmPlugin,sbt.plugins.MiniDependencyTreePlugin,sbt.plugins.JUnitXmlReportPlugin,sbt.plugins.SemanticdbPlugin)
[debug] Plugins.deducer#function took 1.032 ms
[debug]               Load.resolveProject(lab7-build) took 0.6961ms
[debug]             Load.loadTransitive: finalizeProject(Project(id lab7-build, base: C:\Users\Darryl Theodorus C\Documents\GitHub\chisel-lab\lab7\project, plugins: List(<none>))) took 2.0104ms
[debug] [Loading] Done in C:\Users\Darryl Theodorus C\Documents\GitHub\chisel-lab\lab7\project, returning: (lab7-build)
[debug]           Load.loadUnit: loadedProjectsRaw took 3.1413ms
[debug]           Load.loadUnit: cleanEvalClasses took 0.0077ms
[debug]         Load.loadUnit(file:/C:/Users/Darryl%20Theodorus%20C/Documents/GitHub/chisel-lab/lab7/project/, ...) took 18.798ms
[debug]       Load.apply: load took 19.7576ms
[debug]       Load.apply: resolveProjects took 0.0871ms
[debug]       Load.apply: finalTransforms took 9.8985ms
[debug]       Load.apply: config.delegates took 0.3136ms
[debug]       Load.apply: Def.make(settings)... took 71.402ms
[debug]       Load.apply: structureIndex took 23.2601ms
[debug]       Load.apply: mkStreams took 0.0021ms
[info] loading project definition from C:\Users\Darryl Theodorus C\Documents\GitHub\chisel-lab\lab7\project
[debug] Running task... Cancel: Signal, check cycles: false, forcegc: true
[debug]     Load.loadUnit: plugins took 1593.0577ms
[debug]     Load.loadUnit: defsScala took 0.0059ms
[debug] [Loading] Scanning directory C:\Users\Darryl Theodorus C\Documents\GitHub\chisel-lab\lab7
[debug]       Load.loadUnit: mkEval took 6.2324ms
[debug] [Loading] Found non-root projects 
[debug] [Loading] Done in C:\Users\Darryl Theodorus C\Documents\GitHub\chisel-lab\lab7, returning: ()
[debug] deducing auto plugins based on known facts Set(Atom(sbt.plugins.CorePlugin)) and clauses Clauses(Clause(Atom(sbt.plugins.JvmPlugin),Set(Atom(sbt.plugins.IvyPlugin)))
[debug] Clause(Atom(sbt.ScriptedPlugin),Set(Atom(sbt.plugins.JvmPlugin)))
[debug] Clause(Atom(sbt.plugins.SbtPlugin),Set(Atom(sbt.ScriptedPlugin)))
[debug] Clause(Atom(sbt.plugins.SemanticdbPlugin),Set(Atom(sbt.plugins.JvmPlugin)))
[debug] Clause(Atom(sbt.plugins.JUnitXmlReportPlugin),Set(Atom(sbt.plugins.JvmPlugin)))
[debug] Clause(Atom(sbt.plugins.MiniDependencyTreePlugin),Set(Atom(sbt.plugins.JvmPlugin)))
[debug] Clause(Atom(sbt.plugins.CorePlugin),Set(Atom(sbt.plugins.IvyPlugin)))
[debug] Clause(Atom(sbt.plugins.IvyPlugin),Set(Atom(sbt.plugins.JvmPlugin)))
[debug] Clause(Atom(sbt.plugins.JvmPlugin),Set(Atom(sbt.plugins.SemanticdbPlugin)))
[debug] Clause(Atom(sbt.plugins.JvmPlugin),Set(Atom(sbt.plugins.JUnitXmlReportPlugin)))
[debug] Clause(Atom(sbt.plugins.CorePlugin),Set(Atom(sbt.plugins.Giter8TemplatePlugin)))
[debug] Clause(Atom(sbt.plugins.JvmPlugin),Set(Atom(sbt.plugins.MiniDependencyTreePlugin))))
[debug]   :: deduced result: Matched(sbt.plugins.CorePlugin,sbt.plugins.Giter8TemplatePlugin,sbt.plugins.IvyPlugin,sbt.plugins.JvmPlugin,sbt.plugins.MiniDependencyTreePlugin,sbt.plugins.JUnitXmlReportPlugin,sbt.plugins.SemanticdbPlugin)
[debug] Plugins.deducer#function took 1.6228 ms
[info] loading settings for project lab7 from build.sbt ...
[debug]         Load.resolveProject(lab7) took 3.537ms
[debug]       Load.loadTransitive: finalizeProject(Project(id lab7, base: C:\Users\Darryl Theodorus C\Documents\GitHub\chisel-lab\lab7, plugins: List(<none>))) took 5.8035ms
[debug] [Loading] Done in C:\Users\Darryl Theodorus C\Documents\GitHub\chisel-lab\lab7, returning: (lab7)
[debug]     Load.loadUnit: loadedProjectsRaw took 778.6854ms
[debug]     Load.loadUnit: cleanEvalClasses took 120.8289ms
[debug]   Load.loadUnit(file:/C:/Users/Darryl%20Theodorus%20C/Documents/GitHub/chisel-lab/lab7/, ...) took 2493.7895ms
[debug] Load.apply: load took 2505.0294ms
[debug] Load.apply: resolveProjects took 0.9542ms
[debug] Load.apply: finalTransforms took 25.1531ms
[debug] Load.apply: config.delegates took 0.3156ms
[debug] Load.apply: Def.make(settings)... took 268.7339ms
[debug] Load.apply: structureIndex took 40.5085ms
[debug] Load.apply: mkStreams took 0.0025ms
[info] set current project to lab7 (in build file:/C:/Users/Darryl%20Theodorus%20C/Documents/GitHub/chisel-lab/lab7/)
[debug] > Exec(sbtPopOnFailure, None, None)
[debug] > Exec(resumeFromFailure, None, None)
[debug] > Exec(notifyUsersAboutShell, None, None)
[debug] > Exec(iflast shell, None, None)
[debug] > Exec(shell, None, None)
[info] sbt server started at local:sbt-server-98a4428355788db35b02
[debug] Writing bsp connection file
[info] started sbt server
